[02/11/2015 02:04:26][INFO] - Application started
[02/11/2015 02:10:04][INFO] - Loaded 274 parts from C:\Users\Remi\Desktop\Original_KSPTechTreeEditor\KSP
[02/11/2015 02:10:15][INFO] - Application closed
[02/11/2015 02:17:31][INFO] - Application started
[02/11/2015 12:13:58][INFO] - Application started
[02/11/2015 12:14:35][INFO] - Application closed
[02/11/2015 12:15:42][INFO] - Application started
[02/11/2015 12:17:45][INFO] - Loaded 274 parts from C:\Users\Remi\Desktop\Original_KSPTechTreeEditor\KSP
[02/11/2015 12:18:10][INFO] - Tree saved succesfully to C:\Users\Remi\Desktop\Original_KSPTechTreeEditor\KSP\StockTechTree.cfg. Total cost: 19098 science. Total nodes: 54 nodes.
[02/11/2015 12:18:18][INFO] - Tree saved succesfully to C:\Users\Remi\Desktop\Original_KSPTechTreeEditor\KSP\ATCTechTree.cfg. Total cost: 19098 science. Total nodes: 54 nodes.
[02/11/2015 12:18:28][INFO] - Tree saved succesfully to C:\Users\Remi\Desktop\Original_KSPTechTreeEditor\KSP\YongeTechtree.cfg. Total cost: 19098 science. Total nodes: 54 nodes.
[02/11/2015 13:53:46][INFO] - Application started
[02/11/2015 13:53:49][INFO] - Loaded 274 parts from C:\Users\Remi\Desktop\Original_KSPTechTreeEditor\KSP
[02/11/2015 13:54:02][INFO] - Tree saved succesfully to C:\Users\Remi\Desktop\Original_KSPTechTreeEditor\KSP\YongeTechtree.cfg. Total cost: 19098 science. Total nodes: 54 nodes.
[02/11/2015 14:00:44][INFO] - Application closed
[02/11/2015 14:11:36][INFO] - Application started
[02/11/2015 14:11:42][INFO] - Loaded 274 parts from C:\Users\Remi\Desktop\Original_KSPTechTreeEditor\KSP
[02/11/2015 14:12:24][INFO] - Application closed
[02/11/2015 18:30:32][INFO] - Application started
[02/11/2015 18:30:37][INFO] - Loaded 274 parts from C:\Users\Remi\Desktop\Original_KSPTechTreeEditor\KSP
[02/11/2015 18:30:50][INFO] - Tree saved succesfully to C:\Users\Remi\Desktop\Original_KSPTechTreeEditor\KSP\YongeTechtree.cfg. Total cost: 19098 science. Total nodes: 54 nodes.
[02/11/2015 18:32:40][INFO] - Tree saved succesfully to C:\Users\Remi\Desktop\Original_KSPTechTreeEditor\KSP\YongeTechtree.cfg. Total cost: 19098 science. Total nodes: 54 nodes.
[02/11/2015 18:33:47][INFO] - Application started
[02/11/2015 18:33:50][INFO] - Loaded 274 parts from C:\Users\Remi\Desktop\Original_KSPTechTreeEditor\KSP
[02/11/2015 18:36:43][INFO] - Tree saved succesfully to C:\Users\Remi\Desktop\Original_KSPTechTreeEditor\KSP\YongeTechtree.cfg. Total cost: 19098 science. Total nodes: 54 nodes.
[02/11/2015 19:27:21][INFO] - Application closed
[02/11/2015 19:35:53][INFO] - Application started
[02/11/2015 19:35:57][INFO] - Loaded 274 parts from C:\Users\Remi\Desktop\Original_KSPTechTreeEditor\KSP
[02/11/2015 19:39:30][INFO] - Tree saved succesfully to C:\Users\Remi\Desktop\Original_KSPTechTreeEditor\KSP\yongeTechTree.cfg. Total cost: 19098 science. Total nodes: 54 nodes.
[02/11/2015 19:39:33][INFO] - Application closed
[02/11/2015 20:48:45][INFO] - Application started
[02/11/2015 20:49:01][INFO] - Loaded 274 parts from C:\Users\Remi\Desktop\Original_KSPTechTreeEditor\KSP
[02/11/2015 20:52:15][INFO] - Tree saved succesfully to C:\Users\Remi\Desktop\Original_KSPTechTreeEditor\KSP\YongeTechTree.cfg. Total cost: 19098 science. Total nodes: 54 nodes.
[02/11/2015 20:52:18][INFO] - Application closed
[02/11/2015 20:54:39][INFO] - Application started
[02/11/2015 20:54:45][INFO] - Loaded 274 parts from C:\Users\Remi\Desktop\Original_KSPTechTreeEditor\KSP
[02/11/2015 20:56:50][INFO] - Tree saved succesfully to C:\Users\Remi\Desktop\Original_KSPTechTreeEditor\KSP\YongeTechTree.cfg. Total cost: 19098 science. Total nodes: 54 nodes.
[02/11/2015 20:57:17][INFO] - Tree saved succesfully to C:\Users\Remi\Desktop\Original_KSPTechTreeEditor\KSP\StockTechTree.cfg. Total cost: 19098 science. Total nodes: 54 nodes.
[02/11/2015 20:57:18][INFO] - Application closed
